已經開始建置於 2012/4/15 下午 04:04:45。
     1>節點 2 (build 目標) 上的專案 "C:\Users\hatelove\Desktop\Sample\DllFromCPlus\DllFromCPlus\DllFromCPlus.vcxproj"。
     1>InitializeBuildStatus:
         正在變更時間戳記 "Debug\DllFromCPlus.unsuccessfulbuild"。
       GenerateTargetFrameworkMonikerAttribute:
       將略過目標 "GenerateTargetFrameworkMonikerAttribute"，因為所有輸出檔對於其輸入檔而言都已更新。
       ClCompile:
         所有輸出都是最新的。
         C:\Program Files (x86)\Microsoft Visual Studio 10.0\VC\bin\CL.exe /c /AI"C:\Program Files (x86)\Reference Assemblies\Microsoft\Framework\.NETFramework\v4.0" /Zi /clr /nologo /W3 /WX- /Od /Oy- /D WIN32 /D _DEBUG /D _WINDLL /D _UNICODE /D UNICODE /EHa /MDd /GS /fp:precise /Zc:wchar_t /Zc:forScope /Yu"StdAfx.h" /Fp"Debug\DllFromCPlus.pch" /Fo"Debug\\" /Fd"Debug\vc100.pdb" /TP /FU"C:\Program Files (x86)\Reference Assemblies\Microsoft\Framework\.NETFramework\v4.0\System.Core.dll" /FU"C:\Program Files (x86)\Reference Assemblies\Microsoft\Framework\.NETFramework\v4.0\System.Data.dll" /FU"C:\Program Files (x86)\Reference Assemblies\Microsoft\Framework\.NETFramework\v4.0\System.dll" /FU"C:\Program Files (x86)\Reference Assemblies\Microsoft\Framework\.NETFramework\v4.0\System.Xml.dll" /analyze- /errorReport:prompt DllFromCPlus.cpp /clr:nostdlib 
         DllFromCPlus.cpp
         C:\Program Files (x86)\Microsoft Visual Studio 10.0\VC\bin\CL.exe /c /Zi /clr /nologo /W3 /WX- /Od /Oy- /D WIN32 /D _DEBUG /D _WINDLL /D _UNICODE /D UNICODE /EHa /MDd /GS /fp:precise /Zc:wchar_t /Zc:forScope /Fo"Debug\\" /Fd"Debug\vc100.pdb" /TP /analyze- /errorReport:prompt "C:\Users\hatelove\AppData\Local\Temp\.NETFramework,Version=v4.0.AssemblyAttributes.cpp"
         .NETFramework,Version=v4.0.AssemblyAttributes.cpp
       ResourceCompile:
         C:\Program Files (x86)\Microsoft SDKs\Windows\v7.0A\bin\rc.exe /D _UNICODE /D UNICODE /l"0x0409" /nologo /fo"Debug\app.res" app.rc 
       Link:
         C:\Program Files (x86)\Microsoft Visual Studio 10.0\VC\bin\link.exe /ERRORREPORT:PROMPT /OUT:"C:\Users\hatelove\Desktop\Sample\DllFromCPlus\Debug\DllFromCPlus.dll" /INCREMENTAL /NOLOGO /MANIFEST /ManifestFile:"Debug\DllFromCPlus.dll.intermediate.manifest" /MANIFESTUAC:"level='asInvoker' uiAccess='false'" /DEBUG /PDB:"C:\Users\hatelove\Desktop\Sample\DllFromCPlus\Debug\DllFromCPlus.pdb" /ASSEMBLYDEBUG /TLBID:1 /DYNAMICBASE /FIXED:NO /NXCOMPAT /MACHINE:X86 /DLL Debug\app.res
         Debug\AssemblyInfo.obj
         Debug\DllFromCPlus.obj
         Debug\Stdafx.obj
         "Debug\.NETFramework,Version=v4.0.AssemblyAttributes.obj"
         DllFromCPlus.vcxproj -> C:\Users\hatelove\Desktop\Sample\DllFromCPlus\Debug\DllFromCPlus.dll
       Manifest:
         C:\Program Files (x86)\Microsoft SDKs\Windows\v7.0A\bin\mt.exe /nologo /verbose /outputresource:"C:\Users\hatelove\Desktop\Sample\DllFromCPlus\Debug\DllFromCPlus.dll;#2" /manifest Debug\DllFromCPlus.dll.intermediate.manifest
       FinalizeBuildStatus:
         正在刪除檔案 "Debug\DllFromCPlus.unsuccessfulbuild"。
         正在變更時間戳記 "Debug\DllFromCPlus.lastbuildstate"。
     1>專案 "C:\Users\hatelove\Desktop\Sample\DllFromCPlus\DllFromCPlus\DllFromCPlus.vcxproj" (build 目標) 建置完成。

建置成功。

經過時間 00:00:01.51
